<?xml version="1.0" encoding="UTF-8"?>
<!-- Generated by org.testng.reporters.JUnitReportReporter -->
<testsuite skipped="0" hostname="DESKTOP-OOPSNQI" name="maven.jenkins.TP" tests="1" failures="0" timestamp="21 Oct 2017 09:36:50 GMT" time="8.033" errors="0">
  <testcase name="Launch" time="8.033" classname="maven.jenkins.TP"/>
</testsuite> <!-- maven.jenkins.TP -->
